0 info it worked if it ends with ok
1 verbose cli [ '/Users/fanjin/.nvm/versions/node/v4.2.1/bin/node',
1 verbose cli   '/Users/fanjin/.nvm/versions/node/v4.2.1/bin/npm',
1 verbose cli   'run',
1 verbose cli   'deploy' ]
2 info using npm@2.14.7
3 info using node@v4.2.1
4 verbose run-script [ 'predeploy', 'deploy', 'postdeploy' ]
5 info predeploy mypage-server@1.0.0
6 info deploy mypage-server@1.0.0
7 verbose unsafe-perm in lifecycle true
8 info mypage-server@1.0.0 Failed to exec deploy script
9 verbose stack Error: mypage-server@1.0.0 deploy: `pm2 deploy ecosystem.json production update`
9 verbose stack Exit status 1
9 verbose stack     at EventEmitter.<anonymous> (/Users/fanjin/.nvm/versions/node/v4.2.1/lib/node_modules/npm/lib/utils/lifecycle.js:214:16)
9 verbose stack     at emitTwo (events.js:87:13)
9 verbose stack     at EventEmitter.emit (events.js:172:7)
9 verbose stack     at ChildProcess.<anonymous> (/Users/fanjin/.nvm/versions/node/v4.2.1/lib/node_modules/npm/lib/utils/spawn.js:24:14)
9 verbose stack     at emitTwo (events.js:87:13)
9 verbose stack     at ChildProcess.emit (events.js:172:7)
9 verbose stack     at maybeClose (internal/child_process.js:818:16)
9 verbose stack     at Process.ChildProcess._handle.onexit (internal/child_process.js:211:5)
10 verbose pkgid mypage-server@1.0.0
11 verbose cwd /Users/fanjin/Projects/gitmepage/server
12 error Darwin 14.5.0
13 error argv "/Users/fanjin/.nvm/versions/node/v4.2.1/bin/node" "/Users/fanjin/.nvm/versions/node/v4.2.1/bin/npm" "run" "deploy"
14 error node v4.2.1
15 error npm  v2.14.7
16 error code ELIFECYCLE
17 error mypage-server@1.0.0 deploy: `pm2 deploy ecosystem.json production update`
17 error Exit status 1
18 error Failed at the mypage-server@1.0.0 deploy script 'pm2 deploy ecosystem.json production update'.
18 error This is most likely a problem with the mypage-server package,
18 error not with npm itself.
18 error Tell the author that this fails on your system:
18 error     pm2 deploy ecosystem.json production update
18 error You can get their info via:
18 error     npm owner ls mypage-server
18 error There is likely additional logging output above.
19 verbose exit [ 1, true ]
